<?xml version="1.0" encoding="UTF-8"?>
<testng-results ignored="0" total="1" passed="1" failed="0" skipped="0">
  <reporter-output>
  </reporter-output>
  <suite started-at="2021-01-12T00:40:26 IST" name="Default suite" finished-at="2021-01-12T00:40:26 IST" duration-ms="108">
    <groups>
    </groups>
    <test started-at="2021-01-12T00:40:26 IST" name="Default test" finished-at="2021-01-12T00:40:26 IST" duration-ms="108">
      <class name="base.Loginap">
        <test-method signature="username()[pri:0, instance:base.Loginap@1d8bd0de]" started-at="2021-01-12T00:40:26 IST" name="username" finished-at="2021-01-12T00:40:26 IST" duration-ms="21" status="PASS">
          <reporter-output>
          </reporter-output>
        </test-method> <!-- username -->
      </class> <!-- base.Loginap -->
    </test> <!-- Default test -->
  </suite> <!-- Default suite -->
</testng-results>
